2019-02-06 20:29:42,994 INFO o.a.j.u.JMeterUtils: Setting Locale to en_EN
2019-02-06 20:29:43,003 INFO o.a.j.JMeter: Loading user properties from: D:\Shekhar-Acellere\Automation\apache-jmeter-5.0\bin\user.properties
2019-02-06 20:29:43,004 INFO o.a.j.JMeter: Loading system properties from: D:\Shekhar-Acellere\Automation\apache-jmeter-5.0\bin\system.properties
2019-02-06 20:29:43,008 INFO o.a.j.JMeter: Copyright (c) 1998-2018 The Apache Software Foundation
2019-02-06 20:29:43,008 INFO o.a.j.JMeter: Version 5.0 r1840935
2019-02-06 20:29:43,008 INFO o.a.j.JMeter: java.version=1.8.0_171
2019-02-06 20:29:43,008 INFO o.a.j.JMeter: java.vm.name=Java HotSpot(TM) 64-Bit Server VM
2019-02-06 20:29:43,008 INFO o.a.j.JMeter: os.name=Windows 10
2019-02-06 20:29:43,008 INFO o.a.j.JMeter: os.arch=amd64
2019-02-06 20:29:43,008 INFO o.a.j.JMeter: os.version=10.0
2019-02-06 20:29:43,008 INFO o.a.j.JMeter: file.encoding=Cp1252
2019-02-06 20:29:43,008 INFO o.a.j.JMeter: Max memory     =1073741824
2019-02-06 20:29:43,008 INFO o.a.j.JMeter: Available Processors =8
2019-02-06 20:29:43,011 INFO o.a.j.JMeter: Default Locale=English (EN)
2019-02-06 20:29:43,011 INFO o.a.j.JMeter: JMeter  Locale=English (EN)
2019-02-06 20:29:43,011 INFO o.a.j.JMeter: JMeterHome=D:\Shekhar-Acellere\Automation\apache-jmeter-5.0
2019-02-06 20:29:43,011 INFO o.a.j.JMeter: user.dir  =D:\Shekhar-Acellere\Automation\GitHub\gammatestautomation\api\src
2019-02-06 20:29:43,011 INFO o.a.j.JMeter: PWD       =D:\Shekhar-Acellere\Automation\GitHub\gammatestautomation\api\src
2019-02-06 20:29:43,012 INFO o.a.j.JMeter: IP: 192.168.2.236 Name: DESKTOP-QUC3H12 FullName: DESKTOP-QUC3H12
2019-02-06 20:29:43,013 INFO o.a.j.JMeter: Setting property 'jmeter.reportgenerator.outputdir' to:'D:\Shekhar-Acellere\Automation\api-jmeter-report\HTML_Report'
2019-02-06 20:29:43,015 INFO o.a.j.s.FileServer: Default base='D:\Shekhar-Acellere\Automation\GitHub\gammatestautomation\api\src'
2019-02-06 20:29:43,018 INFO o.a.j.s.FileServer: Set new base='D:\Shekhar-Acellere\Automation\GitHub\gammatestautomation\api\src'
2019-02-06 20:29:43,105 INFO o.a.j.s.SaveService: Testplan (JMX) version: 2.2. Testlog (JTL) version: 2.2
2019-02-06 20:29:43,115 INFO o.a.j.s.SaveService: Using SaveService properties file encoding UTF-8
2019-02-06 20:29:43,118 INFO o.a.j.s.SaveService: Using SaveService properties version 5.0
2019-02-06 20:29:43,122 INFO o.a.j.s.SaveService: Loading file: Vagrant_Execution.jmx
2019-02-06 20:29:43,152 INFO o.a.j.p.h.c.CookieManager: Settings: Delete null: true Check: true Allow variable: true Save: false Prefix: COOKIE_
2019-02-06 20:29:43,159 INFO o.a.j.p.h.s.HTTPSamplerBase: Parser for text/html is org.apache.jmeter.protocol.http.parser.LagartoBasedHtmlParser
2019-02-06 20:29:43,159 INFO o.a.j.p.h.s.HTTPSamplerBase: Parser for application/xhtml+xml is org.apache.jmeter.protocol.http.parser.LagartoBasedHtmlParser
2019-02-06 20:29:43,159 INFO o.a.j.p.h.s.HTTPSamplerBase: Parser for application/xml is org.apache.jmeter.protocol.http.parser.LagartoBasedHtmlParser
2019-02-06 20:29:43,159 INFO o.a.j.p.h.s.HTTPSamplerBase: Parser for text/xml is org.apache.jmeter.protocol.http.parser.LagartoBasedHtmlParser
2019-02-06 20:29:43,160 INFO o.a.j.p.h.s.HTTPSamplerBase: Parser for text/vnd.wap.wml is org.apache.jmeter.protocol.http.parser.RegexpHTMLParser
2019-02-06 20:29:43,160 INFO o.a.j.p.h.s.HTTPSamplerBase: Parser for text/css is org.apache.jmeter.protocol.http.parser.CssParser
2019-02-06 20:29:43,862 INFO o.a.j.JMeter: Creating summariser <summary>
2019-02-06 20:29:43,867 INFO o.a.j.r.d.ReportGenerator: ReportGenerator will use for Parsing the separator: ','
2019-02-06 20:29:43,867 INFO o.a.j.r.d.ReportGenerator: Will generate report at end of test from  results file: D:\Shekhar-Acellere\Automation\api-jmeter-report\CSV_Report\APIs-TestStatus-Data.csv
2019-02-06 20:29:43,868 INFO o.a.j.r.d.ReportGenerator: Reading report generator properties from: D:\Shekhar-Acellere\Automation\apache-jmeter-5.0\bin\reportgenerator.properties
2019-02-06 20:29:43,869 INFO o.a.j.r.d.ReportGenerator: Merging with JMeter properties
2019-02-06 20:29:43,874 INFO o.a.j.r.c.ReportGeneratorConfiguration: Property 'jmeter.reportgenerator.temp_dir' not found, using default value 'temp' instead.
2019-02-06 20:29:43,876 INFO o.a.j.r.c.ReportGeneratorConfiguration: Property 'jmeter.reportgenerator.apdex_per_transaction' not found, using default value 'null' instead.
2019-02-06 20:29:43,876 INFO o.a.j.r.c.ReportGeneratorConfiguration: apdex_per_transaction : {} is empty, not APDEX per transaction customization
2019-02-06 20:29:43,876 INFO o.a.j.r.c.ReportGeneratorConfiguration: Property 'jmeter.reportgenerator.sample_filter' not found, using default value 'null' instead.
2019-02-06 20:29:43,876 INFO o.a.j.r.c.ReportGeneratorConfiguration: Property 'jmeter.reportgenerator.report_title' not found, using default value 'null' instead.
2019-02-06 20:29:43,876 INFO o.a.j.r.c.ReportGeneratorConfiguration: Property 'jmeter.reportgenerator.start_date' not found, using default value 'null' instead.
2019-02-06 20:29:43,876 INFO o.a.j.r.c.ReportGeneratorConfiguration: Property 'jmeter.reportgenerator.end_date' not found, using default value 'null' instead.
2019-02-06 20:29:43,876 INFO o.a.j.r.c.ReportGeneratorConfiguration: Property 'jmeter.reportgenerator.date_format' not found, using default value 'null' instead.
2019-02-06 20:29:43,877 INFO o.a.j.r.c.ReportGeneratorConfiguration: Will use date range start date: null, end date: null
2019-02-06 20:29:43,880 INFO o.a.j.r.c.ReportGeneratorConfiguration: Property 'jmeter.reportgenerator.graph.totalTPS.exclude_controllers' not found, using default value 'false' instead.
2019-02-06 20:29:43,880 INFO o.a.j.r.c.ReportGeneratorConfiguration: Property 'jmeter.reportgenerator.graph.activeThreadsOverTime.exclude_controllers' not found, using default value 'false' instead.
2019-02-06 20:29:43,880 INFO o.a.j.r.c.ReportGeneratorConfiguration: Property 'jmeter.reportgenerator.graph.timeVsThreads.exclude_controllers' not found, using default value 'false' instead.
2019-02-06 20:29:43,881 INFO o.a.j.r.c.ReportGeneratorConfiguration: Property 'jmeter.reportgenerator.graph.responseTimeDistribution.exclude_controllers' not found, using default value 'false' instead.
2019-02-06 20:29:43,881 INFO o.a.j.r.c.ReportGeneratorConfiguration: Property 'jmeter.reportgenerator.graph.transactionsPerSecond.exclude_controllers' not found, using default value 'false' instead.
2019-02-06 20:29:43,881 INFO o.a.j.r.c.ReportGeneratorConfiguration: Property 'jmeter.reportgenerator.graph.responseTimePercentiles.exclude_controllers' not found, using default value 'false' instead.
2019-02-06 20:29:43,881 INFO o.a.j.r.c.ReportGeneratorConfiguration: Property 'jmeter.reportgenerator.graph.responseTimePercentilesOverTime.exclude_controllers' not found, using default value 'false' instead.
2019-02-06 20:29:43,881 INFO o.a.j.r.c.ReportGeneratorConfiguration: Property 'jmeter.reportgenerator.graph.responseTimesOverTime.exclude_controllers' not found, using default value 'false' instead.
2019-02-06 20:29:43,881 INFO o.a.j.r.c.ReportGeneratorConfiguration: Property 'jmeter.reportgenerator.graph.connectTimeOverTime.exclude_controllers' not found, using default value 'false' instead.
2019-02-06 20:29:43,881 INFO o.a.j.r.c.ReportGeneratorConfiguration: Property 'jmeter.reportgenerator.graph.latenciesOverTime.exclude_controllers' not found, using default value 'false' instead.
2019-02-06 20:29:43,882 INFO o.a.j.r.c.ReportGeneratorConfiguration: Property 'jmeter.reportgenerator.exporter.html.filters_only_sample_series' not found, using default value 'true' instead.
2019-02-06 20:29:43,882 INFO o.a.j.r.c.ReportGeneratorConfiguration: Property 'jmeter.reportgenerator.exporter.html.series_filter' not found, using default value '' instead.
2019-02-06 20:29:43,882 INFO o.a.j.r.c.ReportGeneratorConfiguration: Property 'jmeter.reportgenerator.exporter.html.show_controllers_only' not found, using default value 'false' instead.
2019-02-06 20:29:43,887 INFO o.a.j.e.StandardJMeterEngine: Running the test!
2019-02-06 20:29:43,887 INFO o.a.j.s.SampleEvent: List of sample_variables: []
2019-02-06 20:29:43,887 INFO o.a.j.s.SampleEvent: List of sample_variables: []
2019-02-06 20:29:43,892 INFO o.a.j.e.u.CompoundVariable: Note: Function class names must contain the string: '.functions.'
2019-02-06 20:29:43,892 INFO o.a.j.e.u.CompoundVariable: Note: Function class names must not contain the string: '.gui.'
2019-02-06 20:29:44,211 INFO o.a.j.JMeter: Running test (1549465184211)
2019-02-06 20:29:44,243 INFO o.a.j.e.StandardJMeterEngine: Starting ThreadGroup: 1 : Vagrant_Script
2019-02-06 20:29:44,243 INFO o.a.j.e.StandardJMeterEngine: Starting 1 threads for group Vagrant_Script.
2019-02-06 20:29:44,243 INFO o.a.j.e.StandardJMeterEngine: Thread will continue on error
2019-02-06 20:29:44,243 INFO o.a.j.t.ThreadGroup: Starting thread group... number=1 threads=1 ramp-up=1 perThread=1000.0 delayedStart=false
2019-02-06 20:29:44,308 INFO o.a.j.t.ThreadGroup: Started thread group number 1
2019-02-06 20:29:44,308 INFO o.a.j.e.StandardJMeterEngine: All thread groups have been started
2019-02-06 20:29:44,314 INFO o.a.j.t.JMeterThread: Thread started: Vagrant_Script 1-1
2019-02-06 20:29:44,315 INFO o.a.j.s.FileServer: Stored: D:\Shekhar-Acellere\Automation\apache-jmeter-5.0\bin\data\testdata.csv
2019-02-06 20:29:44,326 INFO o.a.j.p.h.s.HTTPHCAbstractImpl: Local host = DESKTOP-QUC3H12
2019-02-06 20:29:44,330 INFO o.a.j.p.h.s.HTTPHC4Impl: HTTP request retry count = 0
2019-02-06 20:29:44,331 INFO o.a.j.s.SampleResult: Note: Sample TimeStamps are START times
2019-02-06 20:29:44,331 INFO o.a.j.s.SampleResult: sampleresult.default.encoding is set to ISO-8859-1
2019-02-06 20:29:44,331 INFO o.a.j.s.SampleResult: sampleresult.useNanoTime=true
2019-02-06 20:29:44,331 INFO o.a.j.s.SampleResult: sampleresult.nanoThreadSleep=5000
2019-02-06 20:29:49,738 INFO o.a.j.s.FileServer: Stored: D:\Shekhar-Acellere\Automation\apache-jmeter-5.0\bin\data\jmeter_square.png
2019-02-06 20:29:49,845 INFO o.a.j.t.JMeterThread: Thread is done: Vagrant_Script 1-1
2019-02-06 20:29:49,845 INFO o.a.j.t.JMeterThread: Thread finished: Vagrant_Script 1-1
2019-02-06 20:29:49,845 INFO o.a.j.e.StandardJMeterEngine: Notifying test listeners of end of test
2019-02-06 20:29:49,845 INFO o.a.j.s.FileServer: Close: D:\Shekhar-Acellere\Automation\apache-jmeter-5.0\bin\data\testdata.csv
2019-02-06 20:29:49,846 INFO o.a.j.r.Summariser: summary =     29 in 00:00:06 =    5.1/s Avg:   185 Min:     7 Max:   503 Err:     0 (0.00%)
2019-02-06 20:29:49,847 INFO o.a.j.JMeter: Generating Dashboard
2019-02-06 20:29:49,847 INFO o.a.j.r.d.ReportGenerator: Flushing result collector before report Generation
2019-02-06 20:29:49,853 INFO o.a.j.r.p.NormalizerSampleConsumer: Using format, 'dd/MM/yyyy HH:mm', to parse timeStamp field
2019-02-06 20:29:49,908 INFO o.a.j.r.p.AbstractSampleConsumer: class org.apache.jmeter.report.processor.AggregateConsumer#stopProducing(): beginDate produced 0 samples
2019-02-06 20:29:49,908 INFO o.a.j.r.p.AbstractSampleConsumer: class org.apache.jmeter.report.processor.AggregateConsumer#stopProducing(): endDate produced 0 samples
2019-02-06 20:29:49,909 INFO o.a.j.r.p.AbstractSampleConsumer: class org.apache.jmeter.report.processor.ApdexSummaryConsumer#stopProducing(): apdexSummary produced 0 samples
2019-02-06 20:29:49,909 INFO o.a.j.r.p.AbstractSampleConsumer: class org.apache.jmeter.report.processor.RequestsSummaryConsumer#stopProducing(): requestsSummary produced 0 samples
2019-02-06 20:29:49,913 INFO o.a.j.r.p.AbstractSampleConsumer: class org.apache.jmeter.report.processor.StatisticsSummaryConsumer#stopProducing(): statisticsSummary produced 0 samples
2019-02-06 20:29:49,917 INFO o.a.j.r.p.AbstractSampleConsumer: class org.apache.jmeter.report.processor.Top5ErrorsBySamplerConsumer#stopProducing(): top5ErrorsBySampler produced 0 samples
2019-02-06 20:29:49,917 INFO o.a.j.r.p.AbstractSampleConsumer: class org.apache.jmeter.report.processor.ErrorsSummaryConsumer#stopProducing(): errorsSummary produced 0 samples
2019-02-06 20:29:49,917 INFO o.a.j.r.p.AbstractSampleConsumer: class org.apache.jmeter.report.processor.graph.impl.HitsPerSecondGraphConsumer#stopProducing(): hitsPerSecond produced 0 samples
2019-02-06 20:29:49,924 INFO o.a.j.r.p.AbstractSampleConsumer: class org.apache.jmeter.report.processor.graph.impl.LatencyVSRequestGraphConsumer#stopProducing(): latencyVsRequest produced 0 samples
2019-02-06 20:29:49,925 INFO o.a.j.r.p.AbstractSampleConsumer: class org.apache.jmeter.report.processor.graph.impl.SyntheticResponseTimeDistributionGraphConsumer#stopProducing(): syntheticResponseTimeDistribution produced 0 samples
2019-02-06 20:29:49,925 INFO o.a.j.r.p.AbstractSampleConsumer: class org.apache.jmeter.report.processor.graph.impl.BytesThroughputGraphConsumer#stopProducing(): bytesThroughputOverTime produced 0 samples
2019-02-06 20:29:49,925 INFO o.a.j.r.p.AbstractSampleConsumer: class org.apache.jmeter.report.processor.graph.impl.CodesPerSecondGraphConsumer#stopProducing(): codesPerSecond produced 0 samples
2019-02-06 20:29:49,929 INFO o.a.j.r.p.AbstractSampleConsumer: class org.apache.jmeter.report.processor.graph.impl.ResponseTimeVSRequestGraphConsumer#stopProducing(): responseTimeVsRequest produced 0 samples
2019-02-06 20:29:49,929 INFO o.a.j.r.p.AbstractSampleConsumer: class org.apache.jmeter.report.processor.FilterConsumer#stopProducing(): startIntervalControlerFilter produced 203 samples
2019-02-06 20:29:49,929 INFO o.a.j.r.p.AbstractSampleConsumer: class org.apache.jmeter.report.processor.graph.impl.TotalTPSGraphConsumer#stopProducing(): totalTPS produced 0 samples
2019-02-06 20:29:49,929 INFO o.a.j.r.p.AbstractSampleConsumer: class org.apache.jmeter.report.processor.graph.impl.ActiveThreadsGraphConsumer#stopProducing(): activeThreadsOverTime produced 0 samples
2019-02-06 20:29:49,929 INFO o.a.j.r.p.AbstractSampleConsumer: class org.apache.jmeter.report.processor.graph.impl.TimeVSThreadGraphConsumer#stopProducing(): timeVsThreads produced 0 samples
2019-02-06 20:29:49,930 INFO o.a.j.r.p.AbstractSampleConsumer: class org.apache.jmeter.report.processor.graph.impl.ResponseTimeDistributionGraphConsumer#stopProducing(): responseTimeDistribution produced 0 samples
2019-02-06 20:29:49,930 INFO o.a.j.r.p.AbstractSampleConsumer: class org.apache.jmeter.report.processor.graph.impl.TransactionsPerSecondGraphConsumer#stopProducing(): transactionsPerSecond produced 0 samples
2019-02-06 20:29:49,930 INFO o.a.j.r.p.AbstractSampleConsumer: class org.apache.jmeter.report.processor.graph.impl.ResponseTimePercentilesGraphConsumer#stopProducing(): responseTimePercentiles produced 0 samples
2019-02-06 20:29:49,935 INFO o.a.j.r.p.AbstractSampleConsumer: class org.apache.jmeter.report.processor.graph.impl.ResponseTimePercentilesOverTimeGraphConsumer#stopProducing(): responseTimePercentilesOverTime produced 0 samples
2019-02-06 20:29:49,935 INFO o.a.j.r.p.AbstractSampleConsumer: class org.apache.jmeter.report.processor.graph.impl.ResponseTimeOverTimeGraphConsumer#stopProducing(): responseTimesOverTime produced 0 samples
2019-02-06 20:29:49,935 INFO o.a.j.r.p.AbstractSampleConsumer: class org.apache.jmeter.report.processor.graph.impl.ConnectTimeOverTimeGraphConsumer#stopProducing(): connectTimeOverTime produced 0 samples
2019-02-06 20:29:49,935 INFO o.a.j.r.p.AbstractSampleConsumer: class org.apache.jmeter.report.processor.graph.impl.LatencyOverTimeGraphConsumer#stopProducing(): latenciesOverTime produced 0 samples
2019-02-06 20:29:49,935 INFO o.a.j.r.p.AbstractSampleConsumer: class org.apache.jmeter.report.processor.FilterConsumer#stopProducing(): nameFilter produced 435 samples
2019-02-06 20:29:49,935 INFO o.a.j.r.p.AbstractSampleConsumer: class org.apache.jmeter.report.processor.FilterConsumer#stopProducing(): dateRangeFilter produced 87 samples
2019-02-06 20:29:49,935 INFO o.a.j.r.p.AbstractSampleConsumer: class org.apache.jmeter.report.processor.NormalizerSampleConsumer#stopProducing(): normalizer produced 29 samples
2019-02-06 20:29:49,936 INFO o.a.j.r.p.CsvFileSampleSource: produce(): 29 samples produced in 67ms on channel 0
2019-02-06 20:29:49,936 INFO o.a.j.r.d.ReportGenerator: Exporting data using exporter:'html' of className:'org.apache.jmeter.report.dashboard.HtmlTemplateExporter'
2019-02-06 20:29:49,938 INFO o.a.j.r.d.HtmlTemplateExporter: Will generate dashboard in folder: D:\Shekhar-Acellere\Automation\api-jmeter-report\HTML_Report
2019-02-06 20:29:50,025 INFO o.a.j.r.d.HtmlTemplateExporter: Report will be generated in: D:\Shekhar-Acellere\Automation\api-jmeter-report\HTML_Report, creating folder structure
2019-02-06 20:29:50,298 INFO o.a.j.JMeter: Dashboard generated
